<?xml version="1.0" encoding="UTF-8" ?>
<testsuite failures="5" time="10.46" errors="0" skipped="94" tests="165" name="TestSuite">
  <properties>
[...]
</properties>
  <testcase time="0" classname="com.proofpoint.discovery.TestCassandraDynamicStore" name="setup">
    <failure message="org.apache.cassandra.thrift.KsDef.&lt;init&gt;(Ljava/lang/String;Ljava/lang/String;ILjava/util/List;)V" type="java.lang.NoSuchMethodError">java.lang.NoSuchMethodError: org.apache.cassandra.thrift.KsDef.&lt;init&gt;(Ljava/lang/String;Ljava/lang/String;ILjava/util/List;)V
	at me.prettyprint.cassandra.service.ThriftKsDef.toThrift(ThriftKsDef.java:94)
	at me.prettyprint.cassandra.service.ThriftCluster$5.execute(ThriftCluster.java:101)
	at me.prettyprint.cassandra.service.ThriftCluster$5.execute(ThriftCluster.java:97)
	at me.prettyprint.cassandra.service.Operation.executeAndSetResult(Operation.java:101)
	at me.prettyprint.cassandra.connection.HConnectionManager.operateWithFailover(HConnectionManager.java:221)
	at me.prettyprint.cassandra.service.ThriftCluster.addKeyspace(ThriftCluster.java:107)
	at com.proofpoint.discovery.CassandraDynamicStore.&lt;init&gt;(CassandraDynamicStore.java:82)
	at com.proofpoint.discovery.TestCassandraDynamicStore.initializeStore(TestCassandraDynamicStore.java:32)
	at com.proofpoint.discovery.TestDynamicStore.setup(TestDynamicStore.java:35)
	at sun.reflect.NativeMethodAccessorImpl.invoke0(Native Method)
	at sun.reflect.NativeMethodAccessorImpl.invoke(NativeMethodAccessorImpl.java:39)
	at sun.reflect.DelegatingMethodAccessorImpl.invoke(DelegatingMethodAccessorImpl.java:25)
	at java.lang.reflect.Method.invoke(Method.java:597)
	at org.testng.internal.MethodInvocationHelper.invokeMethod(MethodInvocationHelper.java:76)
	at org.testng.internal.Invoker.invokeConfigurationMethod(Invoker.java:525)
	at org.testng.internal.Invoker.invokeConfigurations(Invoker.java:202)
	at org.testng.internal.Invoker.invokeMethod(Invoker.java:613)
	at org.testng.internal.Invoker.invokeTestMethod(Invoker.java:846)
	at org.testng.internal.Invoker.invokeTestMethods(Invoker.java:1170)
	at org.testng.internal.TestMethodWorker.invokeTestMethods(TestMethodWorker.java:125)
	at org.testng.internal.TestMethodWorker.run(TestMethodWorker.java:109)
	at org.testng.TestRunner.runWorkers(TestRunner.java:1147)
	at org.testng.TestRunner.privateRun(TestRunner.java:749)
	at org.testng.TestRunner.run(TestRunner.java:600)
	at org.testng.SuiteRunner.runTest(SuiteRunner.java:317)
	at org.testng.SuiteRunner.runSequentially(SuiteRunner.java:312)
	at org.testng.SuiteRunner.privateRun(SuiteRunner.java:274)
	at org.testng.SuiteRunner.run(SuiteRunner.java:223)
	at org.testng.SuiteRunnerWorker.runSuite(SuiteRunnerWorker.java:52)
	at org.testng.SuiteRunnerWorker.run(SuiteRunnerWorker.java:86)
	at org.testng.TestNG.runSuitesSequentially(TestNG.java:1039)
	at org.testng.TestNG.runSuitesLocally(TestNG.java:964)
	at org.testng.TestNG.run(TestNG.java:900)
	at org.apache.maven.surefire.testng.TestNGExecutor.run(TestNGExecutor.java:70)
	at org.apache.maven.surefire.testng.TestNGDirectoryTestSuite.executeMulti(TestNGDirectoryTestSuite.java:149)
	at org.apache.maven.surefire.testng.TestNGDirectoryTestSuite.execute(TestNGDirectoryTestSuite.java:95)
	at org.apache.maven.surefire.testng.TestNGProvider.invoke(TestNGProvider.java:114)
	at sun.reflect.NativeMethodAccessorImpl.invoke0(Native Method)
	at sun.reflect.NativeMethodAccessorImpl.invoke(NativeMethodAccessorImpl.java:39)
	at sun.reflect.DelegatingMethodAccessorImpl.invoke(DelegatingMethodAccessorImpl.java:25)
	at java.lang.reflect.Method.invoke(Method.java:597)
	at org.apache.maven.surefire.booter.ProviderFactory$ClassLoaderProxy.invoke(ProviderFactory.java:103)
	at $Proxy0.invoke(Unknown Source)
	at org.apache.maven.surefire.booter.SurefireStarter.invokeProvider(SurefireStarter.java:150)
	at org.apache.maven.surefire.booter.SurefireStarter.runSuitesInProcess(SurefireStarter.java:91)
	at org.apache.maven.surefire.booter.ForkedBooter.main(ForkedBooter.java:69)
</failure>
  </testcase>
  <testcase time="0" classname="com.proofpoint.discovery.TestCassandraDynamicStore" name="testCannotBeInitalizedTwice">
    <skipped/>
  </testcase>
  <testcase time="0" classname="com.proofpoint.discovery.TestCassandraDynamicStore" name="teardown">
    <skipped/>
  </testcase>
  <testcase time="0" classname="com.proofpoint.discovery.TestCassandraDynamicStore" name="setup">
    <skipped/>
  </testcase>
  <testcase time="0" classname="com.proofpoint.discovery.TestCassandraDynamicStore" name="testDelete">
    <skipped/>
  </testcase>
  <testcase time="0.001" classname="com.proofpoint.discovery.TestCassandraDynamicStore" name="teardown">
    <skipped/>
  </testcase>
  <testcase time="0.002" classname="com.proofpoint.discovery.TestCassandraDynamicStore" name="setup">
    <skipped/>
  </testcase>
  <testcase time="0.002" classname="com.proofpoint.discovery.TestCassandraDynamicStore" name="testDeleteThenReInsert">
    <skipped/>
  </testcase>
  <testcase time="0.003" classname="com.proofpoint.discovery.TestCassandraDynamicStore" name="teardown">
    <skipped/>
  </testcase>
  <testcase time="0.003" classname="com.proofpoint.discovery.TestCassandraDynamicStore" name="setup">
    <skipped/>
  </testcase>
  <testcase time="0" classname="com.proofpoint.discovery.TestCassandraDynamicStore" name="testEmpty">
    <skipped/>
  </testcase>
  <testcase time="0" classname="com.proofpoint.discovery.TestCassandraDynamicStore" name="teardown">
    <skipped/>
  </testcase>
  <testcase time="0" classname="com.proofpoint.discovery.TestCassandraDynamicStore" name="setup">
    <skipped/>
  </testcase>
  <testcase time="0.001" classname="com.proofpoint.discovery.TestCassandraDynamicStore" name="testExpires">
    <skipped/>
  </testcase>
  <testcase time="0.001" classname="com.proofpoint.discovery.TestCassandraDynamicStore" name="teardown">
    <skipped/>
  </testcase>
  <testcase time="0.001" classname="com.proofpoint.discovery.TestCassandraDynamicStore" name="setup">
    <skipped/>
  </testcase>
  <testcase time="0" classname="com.proofpoint.discovery.TestCassandraDynamicStore" name="testGetByType">
    <skipped/>
  </testcase>
  <testcase time="0" classname="com.proofpoint.discovery.TestCassandraDynamicStore" name="teardown">
    <skipped/>
  </testcase>
  <testcase time="0.001" classname="com.proofpoint.discovery.TestCassandraDynamicStore" name="setup">
    <skipped/>
  </testcase>
  <testcase time="0" classname="com.proofpoint.discovery.TestCassandraDynamicStore" name="testGetByTypeAndPool">
    <skipped/>
  </testcase>
  <testcase time="0" classname="com.proofpoint.discovery.TestCassandraDynamicStore" name="teardown">
    <skipped/>
  </testcase>
  <testcase time="0" classname="com.proofpoint.discovery.TestCassandraDynamicStore" name="setup">
    <skipped/>
  </testcase>
  <testcase time="0" classname="com.proofpoint.discovery.TestCassandraDynamicStore" name="testPutMultipleForDifferentNodes">
    <skipped/>
  </testcase>
  <testcase time="0" classname="com.proofpoint.discovery.TestCassandraDynamicStore" name="teardown">
    <skipped/>
  </testcase>
  <testcase time="0.001" classname="com.proofpoint.discovery.TestCassandraDynamicStore" name="setup">
    <skipped/>
  </testcase>
  <testcase time="0" classname="com.proofpoint.discovery.TestCassandraDynamicStore" name="testPutMultipleForSameNode">
    <skipped/>
  </testcase>
  <testcase time="0" classname="com.proofpoint.discovery.TestCassandraDynamicStore" name="teardown">
    <skipped/>
  </testcase>
  <testcase time="0" classname="com.proofpoint.discovery.TestCassandraDynamicStore" name="setup">
    <skipped/>
  </testcase>
  <testcase time="0" classname="com.proofpoint.discovery.TestCassandraDynamicStore" name="testPutSingle">
    <skipped/>
  </testcase>
  <testcase time="0" classname="com.proofpoint.discovery.TestCassandraDynamicStore" name="teardown">
    <skipped/>
  </testcase>
  <testcase time="0" classname="com.proofpoint.discovery.TestCassandraDynamicStore" name="setup">
    <skipped/>
  </testcase>
  <testcase time="0" classname="com.proofpoint.discovery.TestCassandraDynamicStore" name="testReplace">
    <skipped/>
  </testcase>
  <testcase time="0" classname="com.proofpoint.discovery.TestCassandraDynamicStore" name="teardown">
    <skipped/>
  </testcase>
  <testcase time="0" classname="com.proofpoint.discovery.TestCassandraDynamicStore" name="setup">
    <skipped/>
  </testcase>
  <testcase time="0" classname="com.proofpoint.discovery.TestCassandraDynamicStore" name="testReplaceExpired">
    <skipped/>
  </testcase>
  <testcase time="0.001" classname="com.proofpoint.discovery.TestCassandraDynamicStore" name="teardown">
    <skipped/>
  </testcase>
  <testcase time="0.004" classname="com.proofpoint.discovery.TestCassandraDynamicStoreInitialization" name="testUpdatesGCGraceSeconds">
    <failure message="org.apache.cassandra.thrift.KsDef.&lt;init&gt;(Ljava/lang/String;Ljava/lang/String;ILjava/util/List;)V" type="java.lang.NoSuchMethodError">java.lang.NoSuchMethodError: org.apache.cassandra.thrift.KsDef.&lt;init&gt;(Ljava/lang/String;Ljava/lang/String;ILjava/util/List;)V
	at me.prettyprint.cassandra.service.ThriftKsDef.toThrift(ThriftKsDef.java:94)
	at me.prettyprint.cassandra.service.ThriftCluster$5.execute(ThriftCluster.java:101)
	at me.prettyprint.cassandra.service.ThriftCluster$5.execute(ThriftCluster.java:97)
	at me.prettyprint.cassandra.service.Operation.executeAndSetResult(Operation.java:101)
	at me.prettyprint.cassandra.connection.HConnectionManager.operateWithFailover(HConnectionManager.java:221)
	at me.prettyprint.cassandra.service.ThriftCluster.addKeyspace(ThriftCluster.java:107)
	at com.proofpoint.discovery.TestCassandraDynamicStoreInitialization.testUpdatesGCGraceSeconds(TestCassandraDynamicStoreInitialization.java:50)
</failure>
  </testcase>
  <testcase time="0.03" classname="com.proofpoint.discovery.TestCassandraPaginator" name="testEmpty"/>
  <testcase time="0.004" classname="com.proofpoint.discovery.TestCassandraPaginator" name="testMoreThanOnePageWithFullLastPage"/>
  <testcase time="0" classname="com.proofpoint.discovery.TestCassandraPaginator" name="testMoreThanOnePageWithPartialLastPage"/>
  <testcase time="0" classname="com.proofpoint.discovery.TestCassandraPaginator" name="testOne"/>
  <testcase time="0" classname="com.proofpoint.discovery.TestCassandraPaginator" name="testOneFullPage"/>
  <testcase time="0" classname="com.proofpoint.discovery.TestCassandraPaginator" name="testThrows"/>
  <testcase time="0.145" classname="com.proofpoint.discovery.TestCassandraStoreConfig" name="testDefaults"/>
  <testcase time="0.155" classname="com.proofpoint.discovery.TestCassandraStoreConfig" name="testExplicitPropertyMappings"/>
  <testcase time="0.006" classname="com.proofpoint.discovery.TestCassandraStoreConfig" name="testValidatesNotNullKeyspace"/>
  <testcase time="0.032" classname="com.proofpoint.discovery.TestDiscoveryConfig" name="testDefaults"/>
  <testcase time="0.005" classname="com.proofpoint.discovery.TestDiscoveryConfig" name="testExplicitPropertyMappings"/>
  <testcase time="0.001" classname="com.proofpoint.discovery.TestDiscoveryConfig" name="testValidatesNotNullDuration"/>
  <testcase time="1.01" classname="com.proofpoint.discovery.TestDiscoveryServer" name="setup">
    <failure message="Guice provision errors:

1) Error injecting constructor, java.lang.NoSuchMethodError: org.apache.cassandra.thrift.KsDef.&lt;init&gt;(Ljava/lang/String;Ljava/lang/String;ILjava/util/List;)V
  at com.proofpoint.discovery.CassandraDynamicStore.&lt;init&gt;(CassandraDynamicStore.java:75)
  at com.proofpoint.discovery.DiscoveryModule.configure(DiscoveryModule.java:29)
  while locating com.proofpoint.discovery.CassandraDynamicStore

1 error" type="com.google.inject.ProvisionException">com.google.inject.ProvisionException: Guice provision errors:
1) Error injecting constructor, java.lang.NoSuchMethodError: org.apache.cassandra.thrift.KsDef.&lt;init&gt;(Ljava/lang/String;Ljava/lang/String;ILjava/util/List;)V
  at com.proofpoint.discovery.CassandraDynamicStore.&lt;init&gt;(CassandraDynamicStore.java:75)
  at com.proofpoint.discovery.DiscoveryModule.configure(DiscoveryModule.java:29)
  while locating com.proofpoint.discovery.CassandraDynamicStore
1 error
	at com.google.inject.internal.InjectorImpl$4.get(InjectorImpl.java:987)
	at com.google.inject.internal.InjectorImpl.getInstance(InjectorImpl.java:1013)
	at com.proofpoint.discovery.TestDiscoveryServer.setup(TestDiscoveryServer.java:84)
Caused by: java.lang.NoSuchMethodError: org.apache.cassandra.thrift.KsDef.&lt;init&gt;(Ljava/lang/String;Ljava/lang/String;ILjava/util/List;)V
	at me.prettyprint.cassandra.service.ThriftKsDef.toThrift(ThriftKsDef.java:94)
	at me.prettyprint.cassandra.service.ThriftCluster$5.execute(ThriftCluster.java:101)
	at me.prettyprint.cassandra.service.ThriftCluster$5.execute(ThriftCluster.java:97)
	at me.prettyprint.cassandra.service.Operation.executeAndSetResult(Operation.java:101)
	at me.prettyprint.cassandra.connection.HConnectionManager.operateWithFailover(HConnectionManager.java:221)
	at me.prettyprint.cassandra.service.ThriftCluster.addKeyspace(ThriftCluster.java:107)
	at com.proofpoint.discovery.CassandraDynamicStore.&lt;init&gt;(CassandraDynamicStore.java:82)
	at com.proofpoint.discovery.CassandraDynamicStore$$FastClassByGuice$$627d0357.newInstance(&lt;generated&gt;)
	at com.google.inject.internal.cglib.reflect.$FastConstructor.newInstance(FastConstructor.java:40)
	at com.google.inject.internal.DefaultConstructionProxyFactory$1.newInstance(DefaultConstructionProxyFactory.java:60)
	at com.google.inject.internal.ConstructorInjector.construct(ConstructorInjector.java:85)
	at com.google.inject.internal.ConstructorBindingImpl$Factory.get(ConstructorBindingImpl.java:254)
	at com.google.inject.internal.ProviderToInternalFactoryAdapter$1.call(ProviderToInternalFactoryAdapter.java:46)
	at com.google.inject.internal.InjectorImpl.callInContext(InjectorImpl.java:1031)
	at com.google.inject.internal.ProviderToInternalFactoryAdapter.get(ProviderToInternalFactoryAdapter.java:40)
	at com.google.inject.Scopes$1$1.get(Scopes.java:65)
	at com.google.inject.internal.InternalFactoryToProviderAdapter.get(InternalFactoryToProviderAdapter.java:40)
	at com.google.inject.internal.InjectorImpl$4$1.call(InjectorImpl.java:978)
	at com.google.inject.internal.InjectorImpl.callInContext(InjectorImpl.java:1024)
	at com.google.inject.internal.InjectorImpl$4.get(InjectorImpl.java:974)
	... 39 more
</failure>
  </testcase>
  <testcase time="0" classname="com.proofpoint.discovery.TestDiscoveryServer" name="testDynamicAnnouncement">
    <skipped/>
  </testcase>
  <testcase time="0" classname="com.proofpoint.discovery.TestDiscoveryServer" name="teardown">
    <skipped/>
  </testcase>
  <testcase time="0.001" classname="com.proofpoint.discovery.TestDiscoveryServer" name="setup">
    <skipped/>
  </testcase>
  <testcase time="0" classname="com.proofpoint.discovery.TestDiscoveryServer" name="testStaticAnnouncement">
    <skipped/>
  </testcase>
  <testcase time="0" classname="com.proofpoint.discovery.TestDiscoveryServer" name="teardown">
    <skipped/>
  </testcase>
  <testcase time="0.03" classname="com.proofpoint.discovery.TestDynamicAnnouncement" name="testAllowsNullLocation"/>
  <testcase time="0.086" classname="com.proofpoint.discovery.TestDynamicAnnouncement" name="testParsing"/>
  <testcase time="0.002" classname="com.proofpoint.discovery.TestDynamicAnnouncement" name="testRejectsNullEnvironment"/>
  <testcase time="0.001" classname="com.proofpoint.discovery.TestDynamicAnnouncement" name="testRejectsNullPool"/>
  <testcase time="0" classname="com.proofpoint.discovery.TestDynamicAnnouncement" name="testRejectsNullServiceAnnouncements"/>
  <testcase time="0.001" classname="com.proofpoint.discovery.TestDynamicAnnouncement" name="testToString"/>
  <testcase time="0.006" classname="com.proofpoint.discovery.TestDynamicAnnouncement" name="testValidatesNestedServiceAnnouncements"/>
  <testcase time="0.135" classname="com.proofpoint.discovery.TestDynamicAnnouncementResource" name="testDeleteExisting"/>
  <testcase time="0" classname="com.proofpoint.discovery.TestDynamicAnnouncementResource" name="testDeleteMissing"/>
  <testcase time="0.014" classname="com.proofpoint.discovery.TestDynamicAnnouncementResource" name="testEnvironmentConflict"/>
  <testcase time="0" classname="com.proofpoint.discovery.TestDynamicAnnouncementResource" name="testMakesUpLocation"/>
  <testcase time="0" classname="com.proofpoint.discovery.TestDynamicAnnouncementResource" name="testPutNew"/>
  <testcase time="0.001" classname="com.proofpoint.discovery.TestDynamicAnnouncementResource" name="testReplace"/>
  <testcase time="0" classname="com.proofpoint.discovery.TestDynamicServiceAnnouncement" name="testCreatesDefensiveCopyOfProperties"/>
  <testcase time="0.004" classname="com.proofpoint.discovery.TestDynamicServiceAnnouncement" name="testEquivalence"/>
  <testcase time="0" classname="com.proofpoint.discovery.TestDynamicServiceAnnouncement" name="testImmutableProperties"/>
  <testcase time="0.001" classname="com.proofpoint.discovery.TestDynamicServiceAnnouncement" name="testParsing"/>
  <testcase time="0" classname="com.proofpoint.discovery.TestDynamicServiceAnnouncement" name="testToString"/>
  <testcase time="0.001" classname="com.proofpoint.discovery.TestDynamicServiceAnnouncement" name="testValidatesNullId"/>
  <testcase time="0.001" classname="com.proofpoint.discovery.TestDynamicServiceAnnouncement" name="testValidatesNullProperties"/>
  <testcase time="0" classname="com.proofpoint.discovery.TestDynamicServiceAnnouncement" name="testValidatesNullType"/>
  <testcase time="0.001" classname="com.proofpoint.discovery.TestInMemoryDynamicStore" name="setup">
    <skipped/>
  </testcase>
  <testcase time="0" classname="com.proofpoint.discovery.TestInMemoryDynamicStore" name="testDelete">
    <skipped/>
  </testcase>
  <testcase time="0.001" classname="com.proofpoint.discovery.TestInMemoryDynamicStore" name="setup">
    <skipped/>
  </testcase>
  <testcase time="0" classname="com.proofpoint.discovery.TestInMemoryDynamicStore" name="testDeleteThenReInsert">
    <skipped/>
  </testcase>
  <testcase time="0.001" classname="com.proofpoint.discovery.TestInMemoryDynamicStore" name="setup">
    <skipped/>
  </testcase>
  <testcase time="0" classname="com.proofpoint.discovery.TestInMemoryDynamicStore" name="testEmpty">
    <skipped/>
  </testcase>
  <testcase time="0.001" classname="com.proofpoint.discovery.TestInMemoryDynamicStore" name="setup">
    <skipped/>
  </testcase>
  <testcase time="0" classname="com.proofpoint.discovery.TestInMemoryDynamicStore" name="testExpires">
    <skipped/>
  </testcase>
  <testcase time="0.001" classname="com.proofpoint.discovery.TestInMemoryDynamicStore" name="setup">
    <skipped/>
  </testcase>
  <testcase time="0" classname="com.proofpoint.discovery.TestInMemoryDynamicStore" name="testGetByType">
    <skipped/>
  </testcase>
  <testcase time="0" classname="com.proofpoint.discovery.TestInMemoryDynamicStore" name="setup">
    <skipped/>
  </testcase>
  <testcase time="0" classname="com.proofpoint.discovery.TestInMemoryDynamicStore" name="testGetByTypeAndPool">
    <skipped/>
  </testcase>
  <testcase time="0.001" classname="com.proofpoint.discovery.TestInMemoryDynamicStore" name="setup">
    <skipped/>
  </testcase>
  <testcase time="0" classname="com.proofpoint.discovery.TestInMemoryDynamicStore" name="testPutMultipleForDifferentNodes">
    <skipped/>
  </testcase>
  <testcase time="0" classname="com.proofpoint.discovery.TestInMemoryDynamicStore" name="setup">
    <skipped/>
  </testcase>
  <testcase time="0" classname="com.proofpoint.discovery.TestInMemoryDynamicStore" name="testPutMultipleForSameNode">
    <skipped/>
  </testcase>
  <testcase time="0" classname="com.proofpoint.discovery.TestInMemoryDynamicStore" name="setup">
    <skipped/>
  </testcase>
  <testcase time="0" classname="com.proofpoint.discovery.TestInMemoryDynamicStore" name="testPutSingle">
    <skipped/>
  </testcase>
  <testcase time="0.001" classname="com.proofpoint.discovery.TestInMemoryDynamicStore" name="setup">
    <skipped/>
  </testcase>
  <testcase time="0" classname="com.proofpoint.discovery.TestInMemoryDynamicStore" name="testReplace">
    <skipped/>
  </testcase>
  <testcase time="0" classname="com.proofpoint.discovery.TestInMemoryDynamicStore" name="setup">
    <skipped/>
  </testcase>
  <testcase time="0" classname="com.proofpoint.discovery.TestInMemoryDynamicStore" name="testReplaceExpired">
    <skipped/>
  </testcase>
  <testcase time="0.027" classname="com.proofpoint.discovery.TestId" name="testFromJson"/>
  <testcase time="0.019" classname="com.proofpoint.discovery.TestId" name="testToJson"/>
  <testcase time="0.001" classname="com.proofpoint.discovery.TestService" name="testCreatesDefensiveCopyOfProperties"/>
  <testcase time="0.001" classname="com.proofpoint.discovery.TestService" name="testEquivalence"/>
  <testcase time="0" classname="com.proofpoint.discovery.TestService" name="testImmutableProperties"/>
  <testcase time="0.009" classname="com.proofpoint.discovery.TestService" name="testParseJson"/>
  <testcase time="0.005" classname="com.proofpoint.discovery.TestService" name="testToJson"/>
  <testcase time="0" classname="com.proofpoint.discovery.TestService" name="testValidatesIdNotNull"/>
  <testcase time="0" classname="com.proofpoint.discovery.TestService" name="testValidatesLocationNotNull"/>
  <testcase time="0" classname="com.proofpoint.discovery.TestService" name="testValidatesPoolNotNull"/>
  <testcase time="0.001" classname="com.proofpoint.discovery.TestService" name="testValidatesPropertiesNotNull"/>
  <testcase time="0" classname="com.proofpoint.discovery.TestService" name="testValidatesTypeNotNull"/>
  <testcase time="0" classname="com.proofpoint.discovery.TestServiceResource" name="testGetAll"/>
  <testcase time="0.007" classname="com.proofpoint.discovery.TestServiceResource" name="testGetByType"/>
  <testcase time="0.002" classname="com.proofpoint.discovery.TestServiceResource" name="testGetByTypeAndPool"/>
  <testcase time="0" classname="com.proofpoint.discovery.TestServices" name="testCreatesDefensiveCopyOfServices"/>
  <testcase time="0" classname="com.proofpoint.discovery.TestServices" name="testServicesSetIsImmutable"/>
  <testcase time="0.007" classname="com.proofpoint.discovery.TestServices" name="testToJson"/>
  <testcase time="0" classname="com.proofpoint.discovery.TestServices" name="testValidatesEnvironmentNotNull"/>
  <testcase time="0" classname="com.proofpoint.discovery.TestServices" name="testValidatesServicesNotNull"/>
  <testcase time="0.004" classname="com.proofpoint.discovery.TestStaticAndDynamicStores" name="testBothInitializeProperly">
    <failure message="org.apache.cassandra.thrift.KsDef.&lt;init&gt;(Ljava/lang/String;Ljava/lang/String;ILjava/util/List;)V" type="java.lang.NoSuchMethodError">java.lang.NoSuchMethodError: org.apache.cassandra.thrift.KsDef.&lt;init&gt;(Ljava/lang/String;Ljava/lang/String;ILjava/util/List;)V
	at me.prettyprint.cassandra.service.ThriftKsDef.toThrift(ThriftKsDef.java:94)
	at me.prettyprint.cassandra.service.ThriftCluster$5.execute(ThriftCluster.java:101)
	at me.prettyprint.cassandra.service.ThriftCluster$5.execute(ThriftCluster.java:97)
	at me.prettyprint.cassandra.service.Operation.executeAndSetResult(Operation.java:101)
	at me.prettyprint.cassandra.connection.HConnectionManager.operateWithFailover(HConnectionManager.java:221)
	at me.prettyprint.cassandra.service.ThriftCluster.addKeyspace(ThriftCluster.java:107)
	at com.proofpoint.discovery.CassandraStaticStore.&lt;init&gt;(CassandraStaticStore.java:68)
	at com.proofpoint.discovery.TestStaticAndDynamicStores.testBothInitializeProperly(TestStaticAndDynamicStores.java:29)
</failure>
  </testcase>
  <testcase time="0" classname="com.proofpoint.discovery.TestStaticAnnouncement" name="testCreatesDefensiveCopyOfProperties"/>
  <testcase time="0.001" classname="com.proofpoint.discovery.TestStaticAnnouncement" name="testEquivalence"/>
  <testcase time="0" classname="com.proofpoint.discovery.TestStaticAnnouncement" name="testImmutableProperties"/>
  <testcase time="0.007" classname="com.proofpoint.discovery.TestStaticAnnouncement" name="testParsing"/>
  <testcase time="0.008" classname="com.proofpoint.discovery.TestStaticAnnouncement" name="testValidatesNullEnvironment"/>
  <testcase time="0" classname="com.proofpoint.discovery.TestStaticAnnouncement" name="testValidatesNullPool"/>
  <testcase time="0.001" classname="com.proofpoint.discovery.TestStaticAnnouncement" name="testValidatesNullProperties"/>
  <testcase time="0" classname="com.proofpoint.discovery.TestStaticAnnouncement" name="testValidatesNullType"/>
  <testcase time="0.001" classname="com.proofpoint.discovery.TestStaticAnnouncementResource" name="testDelete"/>
  <testcase time="0" classname="com.proofpoint.discovery.TestStaticAnnouncementResource" name="testEnvironmentConflict"/>
  <testcase time="0" classname="com.proofpoint.discovery.TestStaticAnnouncementResource" name="testGet"/>
  <testcase time="0.009" classname="com.proofpoint.discovery.TestStaticAnnouncementResource" name="testMakesUpLocation"/>
  <testcase time="0.001" classname="com.proofpoint.discovery.TestStaticAnnouncementResource" name="testPost"/>
  <testcase time="0.004" classname="com.proofpoint.discovery.TestCassandraStaticStore" name="setup">
    <failure message="org.apache.cassandra.thrift.KsDef.&lt;init&gt;(Ljava/lang/String;Ljava/lang/String;ILjava/util/List;)V" type="java.lang.NoSuchMethodError">java.lang.NoSuchMethodError: org.apache.cassandra.thrift.KsDef.&lt;init&gt;(Ljava/lang/String;Ljava/lang/String;ILjava/util/List;)V
	at me.prettyprint.cassandra.service.ThriftKsDef.toThrift(ThriftKsDef.java:94)
	at me.prettyprint.cassandra.service.ThriftCluster$5.execute(ThriftCluster.java:101)
	at me.prettyprint.cassandra.service.ThriftCluster$5.execute(ThriftCluster.java:97)
	at me.prettyprint.cassandra.service.Operation.executeAndSetResult(Operation.java:101)
	at me.prettyprint.cassandra.connection.HConnectionManager.operateWithFailover(HConnectionManager.java:221)
	at me.prettyprint.cassandra.service.ThriftCluster.addKeyspace(ThriftCluster.java:107)
	at com.proofpoint.discovery.CassandraStaticStore.&lt;init&gt;(CassandraStaticStore.java:68)
	at com.proofpoint.discovery.TestCassandraStaticStore.initializeStore(TestCassandraStaticStore.java:28)
	at com.proofpoint.discovery.TestStaticStore.setup(TestStaticStore.java:28)
	at sun.reflect.NativeMethodAccessorImpl.invoke0(Native Method)
	at sun.reflect.NativeMethodAccessorImpl.invoke(NativeMethodAccessorImpl.java:39)
	at sun.reflect.DelegatingMethodAccessorImpl.invoke(DelegatingMethodAccessorImpl.java:25)
	at java.lang.reflect.Method.invoke(Method.java:597)
	at org.testng.internal.MethodInvocationHelper.invokeMethod(MethodInvocationHelper.java:76)
	at org.testng.internal.Invoker.invokeConfigurationMethod(Invoker.java:525)
	at org.testng.internal.Invoker.invokeConfigurations(Invoker.java:202)
	at org.testng.internal.Invoker.invokeMethod(Invoker.java:613)
	at org.testng.internal.Invoker.invokeTestMethod(Invoker.java:846)
	at org.testng.internal.Invoker.invokeTestMethods(Invoker.java:1170)
	at org.testng.internal.TestMethodWorker.invokeTestMethods(TestMethodWorker.java:125)
	at org.testng.internal.TestMethodWorker.run(TestMethodWorker.java:109)
	at org.testng.TestRunner.runWorkers(TestRunner.java:1147)
	at org.testng.TestRunner.privateRun(TestRunner.java:749)
	at org.testng.TestRunner.run(TestRunner.java:600)
	at org.testng.SuiteRunner.runTest(SuiteRunner.java:317)
	at org.testng.SuiteRunner.runSequentially(SuiteRunner.java:312)
	at org.testng.SuiteRunner.privateRun(SuiteRunner.java:274)
	at org.testng.SuiteRunner.run(SuiteRunner.java:223)
	at org.testng.SuiteRunnerWorker.runSuite(SuiteRunnerWorker.java:52)
	at org.testng.SuiteRunnerWorker.run(SuiteRunnerWorker.java:86)
	at org.testng.TestNG.runSuitesSequentially(TestNG.java:1039)
	at org.testng.TestNG.runSuitesLocally(TestNG.java:964)
	at org.testng.TestNG.run(TestNG.java:900)
	at org.apache.maven.surefire.testng.TestNGExecutor.run(TestNGExecutor.java:70)
	at org.apache.maven.surefire.testng.TestNGDirectoryTestSuite.executeMulti(TestNGDirectoryTestSuite.java:149)
	at org.apache.maven.surefire.testng.TestNGDirectoryTestSuite.execute(TestNGDirectoryTestSuite.java:95)
	at org.apache.maven.surefire.testng.TestNGProvider.invoke(TestNGProvider.java:114)
	at sun.reflect.NativeMethodAccessorImpl.invoke0(Native Method)
	at sun.reflect.NativeMethodAccessorImpl.invoke(NativeMethodAccessorImpl.java:39)
	at sun.reflect.DelegatingMethodAccessorImpl.invoke(DelegatingMethodAccessorImpl.java:25)
	at java.lang.reflect.Method.invoke(Method.java:597)
	at org.apache.maven.surefire.booter.ProviderFactory$ClassLoaderProxy.invoke(ProviderFactory.java:103)
	at $Proxy0.invoke(Unknown Source)
	at org.apache.maven.surefire.booter.SurefireStarter.invokeProvider(SurefireStarter.java:150)
	at org.apache.maven.surefire.booter.SurefireStarter.runSuitesInProcess(SurefireStarter.java:91)
	at org.apache.maven.surefire.booter.ForkedBooter.main(ForkedBooter.java:69)
</failure>
  </testcase>
  <testcase time="0" classname="com.proofpoint.discovery.TestCassandraStaticStore" name="testCanHandleLotsOfServices">
    <skipped/>
  </testcase>
  <testcase time="0" classname="com.proofpoint.discovery.TestCassandraStaticStore" name="setup">
    <skipped/>
  </testcase>
  <testcase time="0" classname="com.proofpoint.discovery.TestCassandraStaticStore" name="testDelete">
    <skipped/>
  </testcase>
  <testcase time="0" classname="com.proofpoint.discovery.TestCassandraStaticStore" name="setup">
    <skipped/>
  </testcase>
  <testcase time="0" classname="com.proofpoint.discovery.TestCassandraStaticStore" name="testEmpty">
    <skipped/>
  </testcase>
  <testcase time="0.001" classname="com.proofpoint.discovery.TestCassandraStaticStore" name="setup">
    <skipped/>
  </testcase>
  <testcase time="0" classname="com.proofpoint.discovery.TestCassandraStaticStore" name="testGetByType">
    <skipped/>
  </testcase>
  <testcase time="0" classname="com.proofpoint.discovery.TestCassandraStaticStore" name="setup">
    <skipped/>
  </testcase>
  <testcase time="0" classname="com.proofpoint.discovery.TestCassandraStaticStore" name="testGetByTypeAndPool">
    <skipped/>
  </testcase>
  <testcase time="0" classname="com.proofpoint.discovery.TestCassandraStaticStore" name="setup">
    <skipped/>
  </testcase>
  <testcase time="0" classname="com.proofpoint.discovery.TestCassandraStaticStore" name="testPutMultiple">
    <skipped/>
  </testcase>
  <testcase time="0.001" classname="com.proofpoint.discovery.TestCassandraStaticStore" name="setup">
    <skipped/>
  </testcase>
  <testcase time="0" classname="com.proofpoint.discovery.TestCassandraStaticStore" name="testPutSingle">
    <skipped/>
  </testcase>
  <testcase time="0" classname="com.proofpoint.discovery.TestInMemoryStaticStore" name="setup">
    <skipped/>
  </testcase>
  <testcase time="0" classname="com.proofpoint.discovery.TestInMemoryStaticStore" name="testCanHandleLotsOfServices">
    <skipped/>
  </testcase>
  <testcase time="0" classname="com.proofpoint.discovery.TestInMemoryStaticStore" name="setup">
    <skipped/>
  </testcase>
  <testcase time="0" classname="com.proofpoint.discovery.TestInMemoryStaticStore" name="testDelete">
    <skipped/>
  </testcase>
  <testcase time="0.001" classname="com.proofpoint.discovery.TestInMemoryStaticStore" name="setup">
    <skipped/>
  </testcase>
  <testcase time="0" classname="com.proofpoint.discovery.TestInMemoryStaticStore" name="testEmpty">
    <skipped/>
  </testcase>
  <testcase time="0" classname="com.proofpoint.discovery.TestInMemoryStaticStore" name="setup">
    <skipped/>
  </testcase>
  <testcase time="0" classname="com.proofpoint.discovery.TestInMemoryStaticStore" name="testGetByType">
    <skipped/>
  </testcase>
  <testcase time="0.001" classname="com.proofpoint.discovery.TestInMemoryStaticStore" name="setup">
    <skipped/>
  </testcase>
  <testcase time="0" classname="com.proofpoint.discovery.TestInMemoryStaticStore" name="testGetByTypeAndPool">
    <skipped/>
  </testcase>
  <testcase time="0" classname="com.proofpoint.discovery.TestInMemoryStaticStore" name="setup">
    <skipped/>
  </testcase>
  <testcase time="0" classname="com.proofpoint.discovery.TestInMemoryStaticStore" name="testPutMultiple">
    <skipped/>
  </testcase>
  <testcase time="0.001" classname="com.proofpoint.discovery.TestInMemoryStaticStore" name="setup">
    <skipped/>
  </testcase>
  <testcase time="0" classname="com.proofpoint.discovery.TestInMemoryStaticStore" name="testPutSingle">
    <skipped/>
  </testcase>
  <testcase time="0.134" classname="com.proofpoint.discovery.TestCassandraDynamicStore" name="teardownCassandra">
    <skipped/>
  </testcase>
  <testcase time="0.134" classname="com.proofpoint.discovery.TestCassandraDynamicStore" name="teardownCassandra">
    <skipped/>
  </testcase>
  <testcase time="0.134" classname="com.proofpoint.discovery.TestCassandraDynamicStore" name="teardownCassandra">
    <skipped/>
  </testcase>
  <testcase time="0.134" classname="com.proofpoint.discovery.TestCassandraDynamicStore" name="teardownCassandra">
    <skipped/>
  </testcase>
  <testcase time="0.134" classname="com.proofpoint.discovery.TestCassandraDynamicStore" name="teardownCassandra">
    <skipped/>
  </testcase>
</testsuite>